  Test.cpp
D:\代码\CPP_code\CPP_code\CPP-20230114\CPP-20230114\vector.h(175,4): error C2065: “cout”: 未声明的标识符
D:\代码\CPP_code\CPP_code\CPP-20230114\CPP-20230114\vector.h(177,3): error C2065: “cout”: 未声明的标识符
D:\代码\CPP_code\CPP_code\CPP-20230114\CPP-20230114\vector.h(177,11): error C2065: “endl”: 未声明的标识符
D:\代码\CPP_code\CPP_code\CPP-20230114\CPP-20230114\vector.h(182,4): error C2065: “cout”: 未声明的标识符
D:\代码\CPP_code\CPP_code\CPP-20230114\CPP-20230114\vector.h(185,3): error C2065: “cout”: 未声明的标识符
D:\代码\CPP_code\CPP_code\CPP-20230114\CPP-20230114\vector.h(185,11): error C2065: “endl”: 未声明的标识符
D:\代码\CPP_code\CPP_code\CPP-20230114\CPP-20230114\vector.h(189,4): error C2065: “cout”: 未声明的标识符
D:\代码\CPP_code\CPP_code\CPP-20230114\CPP-20230114\vector.h(191,3): error C2065: “cout”: 未声明的标识符
D:\代码\CPP_code\CPP_code\CPP-20230114\CPP-20230114\vector.h(191,11): error C2065: “endl”: 未声明的标识符
D:\代码\CPP_code\CPP_code\CPP-20230114\CPP-20230114\vector.h(201,4): error C2065: “cout”: 未声明的标识符
D:\代码\CPP_code\CPP_code\CPP-20230114\CPP-20230114\vector.h(203,3): error C2065: “cout”: 未声明的标识符
D:\代码\CPP_code\CPP_code\CPP-20230114\CPP-20230114\vector.h(203,11): error C2065: “endl”: 未声明的标识符
D:\代码\CPP_code\CPP_code\CPP-20230114\CPP-20230114\vector.h(212,4): error C2065: “cout”: 未声明的标识符
D:\代码\CPP_code\CPP_code\CPP-20230114\CPP-20230114\vector.h(214,3): error C2065: “cout”: 未声明的标识符
D:\代码\CPP_code\CPP_code\CPP-20230114\CPP-20230114\vector.h(214,11): error C2065: “endl”: 未声明的标识符
D:\代码\CPP_code\CPP_code\CPP-20230114\CPP-20230114\vector.h(219,4): error C2065: “cout”: 未声明的标识符
D:\代码\CPP_code\CPP_code\CPP-20230114\CPP-20230114\vector.h(221,3): error C2065: “cout”: 未声明的标识符
D:\代码\CPP_code\CPP_code\CPP-20230114\CPP-20230114\vector.h(221,11): error C2065: “endl”: 未声明的标识符
D:\代码\CPP_code\CPP_code\CPP-20230114\CPP-20230114\vector.h(235,4): error C2065: “cout”: 未声明的标识符
D:\代码\CPP_code\CPP_code\CPP-20230114\CPP-20230114\vector.h(237,3): error C2065: “cout”: 未声明的标识符
D:\代码\CPP_code\CPP_code\CPP-20230114\CPP-20230114\vector.h(237,11): error C2065: “endl”: 未声明的标识符
D:\代码\CPP_code\CPP_code\CPP-20230114\CPP-20230114\vector.h(242,4): error C2065: “cout”: 未声明的标识符
D:\代码\CPP_code\CPP_code\CPP-20230114\CPP-20230114\vector.h(244,3): error C2065: “cout”: 未声明的标识符
D:\代码\CPP_code\CPP_code\CPP-20230114\CPP-20230114\vector.h(244,11): error C2065: “endl”: 未声明的标识符
D:\代码\CPP_code\CPP_code\CPP-20230114\CPP-20230114\vector.h(246,30): error C3861: “find”: 找不到标识符
D:\代码\CPP_code\CPP_code\CPP-20230114\CPP-20230114\vector.h(253,4): error C2065: “cout”: 未声明的标识符
D:\代码\CPP_code\CPP_code\CPP-20230114\CPP-20230114\vector.h(255,3): error C2065: “cout”: 未声明的标识符
D:\代码\CPP_code\CPP_code\CPP-20230114\CPP-20230114\vector.h(255,11): error C2065: “endl”: 未声明的标识符
D:\代码\CPP_code\CPP_code\CPP-20230114\CPP-20230114\vector.h(266,30): error C3861: “find”: 找不到标识符
D:\代码\CPP_code\CPP_code\CPP-20230114\CPP-20230114\vector.h(278,4): error C2065: “cout”: 未声明的标识符
D:\代码\CPP_code\CPP_code\CPP-20230114\CPP-20230114\vector.h(280,3): error C2065: “cout”: 未声明的标识符
D:\代码\CPP_code\CPP_code\CPP-20230114\CPP-20230114\vector.h(280,11): error C2065: “endl”: 未声明的标识符
